0 info it worked if it ends with ok
1 verbose cli [ '/usr/local/bin/node',
1 verbose cli   '/usr/local/bin/npm',
1 verbose cli   'install',
1 verbose cli   'http-server',
1 verbose cli   '-g' ]
2 info using npm@2.14.7
3 info using node@v4.2.2
4 verbose install initial load of /usr/local/lib/package.json
5 verbose readDependencies loading dependencies from /usr/local/lib/package.json
6 silly cache add args [ 'http-server', null ]
7 verbose cache add spec http-server
8 silly cache add parsed spec Result {
8 silly cache add   raw: 'http-server',
8 silly cache add   scope: null,
8 silly cache add   name: 'http-server',
8 silly cache add   rawSpec: '',
8 silly cache add   spec: '*',
8 silly cache add   type: 'range' }
9 silly addNamed http-server@*
10 verbose addNamed "*" is a valid semver range for http-server
11 silly addNameRange { name: 'http-server', range: '*', hasData: false }
12 silly mapToRegistry name http-server
13 silly mapToRegistry using default registry
14 silly mapToRegistry registry https://registry.npmjs.org/
15 silly mapToRegistry uri https://registry.npmjs.org/http-server
16 verbose addNameRange registry:https://registry.npmjs.org/http-server not in flight; fetching
17 verbose request uri https://registry.npmjs.org/http-server
18 verbose request no auth needed
19 info attempt registry request try #1 at 2:04:33 PM
20 verbose request id e470bd2fc0fae462
21 http request GET https://registry.npmjs.org/http-server
22 http 200 https://registry.npmjs.org/http-server
23 verbose headers { server: 'CouchDB/1.5.0 (Erlang OTP/R16B03)',
23 verbose headers   etag: '"CETY004MYJRA5KQQIY3RX7MN7"',
23 verbose headers   'content-type': 'application/json',
23 verbose headers   'content-encoding': 'gzip',
23 verbose headers   'cache-control': 'max-age=300',
23 verbose headers   'content-length': '8942',
23 verbose headers   'accept-ranges': 'bytes',
23 verbose headers   date: 'Wed, 14 Sep 2016 12:04:33 GMT',
23 verbose headers   via: '1.1 varnish',
23 verbose headers   age: '141',
23 verbose headers   connection: 'keep-alive',
23 verbose headers   'x-served-by': 'cache-ams4440-AMS',
23 verbose headers   'x-cache': 'HIT',
23 verbose headers   'x-cache-hits': '1',
23 verbose headers   'x-timer': 'S1473854673.216462,VS0,VE0',
23 verbose headers   vary: 'Accept-Encoding' }
24 silly get cb [ 200,
24 silly get   { server: 'CouchDB/1.5.0 (Erlang OTP/R16B03)',
24 silly get     etag: '"CETY004MYJRA5KQQIY3RX7MN7"',
24 silly get     'content-type': 'application/json',
24 silly get     'content-encoding': 'gzip',
24 silly get     'cache-control': 'max-age=300',
24 silly get     'content-length': '8942',
24 silly get     'accept-ranges': 'bytes',
24 silly get     date: 'Wed, 14 Sep 2016 12:04:33 GMT',
24 silly get     via: '1.1 varnish',
24 silly get     age: '141',
24 silly get     connection: 'keep-alive',
24 silly get     'x-served-by': 'cache-ams4440-AMS',
24 silly get     'x-cache': 'HIT',
24 silly get     'x-cache-hits': '1',
24 silly get     'x-timer': 'S1473854673.216462,VS0,VE0',
24 silly get     vary: 'Accept-Encoding' } ]
25 verbose get saving http-server to /Users/julien/.npm/registry.npmjs.org/http-server/.cache.json
26 silly addNameRange number 2 { name: 'http-server', range: '*', hasData: true }
27 silly addNameRange versions [ 'http-server',
27 silly addNameRange   [ '0.1.0',
27 silly addNameRange     '0.1.1',
27 silly addNameRange     '0.1.3',
27 silly addNameRange     '0.2.1',
27 silly addNameRange     '0.2.2',
27 silly addNameRange     '0.2.3',
27 silly addNameRange     '0.2.4',
27 silly addNameRange     '0.2.5',
27 silly addNameRange     '0.2.6',
27 silly addNameRange     '0.2.9',
27 silly addNameRange     '0.3.0',
27 silly addNameRange     '0.4.0',
27 silly addNameRange     '0.4.1',
27 silly addNameRange     '0.5.0',
27 silly addNameRange     '0.5.1',
27 silly addNameRange     '0.5.2',
27 silly addNameRange     '0.5.3',
27 silly addNameRange     '0.5.5',
27 silly addNameRange     '0.6.0',
27 silly addNameRange     '0.6.1',
27 silly addNameRange     '0.7.0',
27 silly addNameRange     '0.7.1',
27 silly addNameRange     '0.7.2',
27 silly addNameRange     '0.7.3',
27 silly addNameRange     '0.7.4',
27 silly addNameRange     '0.7.5',
27 silly addNameRange     '0.8.0',
27 silly addNameRange     '0.8.1',
27 silly addNameRange     '0.8.2',
27 silly addNameRange     '0.8.3',
27 silly addNameRange     '0.8.4',
27 silly addNameRange     '0.8.5',
27 silly addNameRange     '0.9.0' ] ]
28 silly addNamed http-server@0.9.0
29 verbose addNamed "0.9.0" is a plain semver version for http-server
30 silly mapToRegistry name http-server
31 silly mapToRegistry using default registry
32 silly mapToRegistry registry https://registry.npmjs.org/
33 silly mapToRegistry uri https://registry.npmjs.org/http-server
34 verbose addRemoteTarball https://registry.npmjs.org/http-server/-/http-server-0.9.0.tgz not in flight; adding
35 verbose addRemoteTarball [ 'https://registry.npmjs.org/http-server/-/http-server-0.9.0.tgz',
35 verbose addRemoteTarball   '8f1b06bdc733618d4dc42831c7ba1aff4e06001a' ]
36 info retry fetch attempt 1 at 2:04:33 PM
37 info attempt registry request try #1 at 2:04:33 PM
38 http fetch GET https://registry.npmjs.org/http-server/-/http-server-0.9.0.tgz
39 http fetch 200 https://registry.npmjs.org/http-server/-/http-server-0.9.0.tgz
40 silly fetchAndShaCheck shasum 8f1b06bdc733618d4dc42831c7ba1aff4e06001a
41 verbose addTmpTarball /var/folders/bp/_sd_j5654nlfthsf8wrqm6gw0000gn/T/npm-33562-ff2cc3c0/registry.npmjs.org/http-server/-/http-server-0.9.0.tgz not in flight; adding
42 verbose addTmpTarball already have metadata; skipping unpack for http-server@0.9.0
43 silly cache afterAdd http-server@0.9.0
44 verbose afterAdd /Users/julien/.npm/http-server/0.9.0/package/package.json not in flight; writing
45 verbose afterAdd /Users/julien/.npm/http-server/0.9.0/package/package.json written
46 silly install resolved [ { name: 'http-server',
46 silly install resolved     version: '0.9.0',
46 silly install resolved     description: 'A simple zero-configuration command-line http server',
46 silly install resolved     main: './lib/http-server',
46 silly install resolved     repository:
46 silly install resolved      { type: 'git',
46 silly install resolved        url: 'git://github.com/indexzero/http-server.git' },
46 silly install resolved     keywords: [ 'cli', 'command' ],
46 silly install resolved     scripts:
46 silly install resolved      { start: 'node ./bin/http-server',
46 silly install resolved        pretest: 'common bin/http-server lib/ test',
46 silly install resolved        test: 'vows --spec --isolate' },
46 silly install resolved     contributors:
46 silly install resolved      [ [Object],
46 silly install resolved        [Object],
46 silly install resolved        [Object],
46 silly install resolved        [Object],
46 silly install resolved        [Object],
46 silly install resolved        [Object],
46 silly install resolved        [Object],
46 silly install resolved        [Object],
46 silly install resolved        [Object],
46 silly install resolved        [Object] ],
46 silly install resolved     dependencies:
46 silly install resolved      { colors: '1.0.3',
46 silly install resolved        corser: '~2.0.0',
46 silly install resolved        ecstatic: '^1.4.0',
46 silly install resolved        'http-proxy': '^1.8.1',
46 silly install resolved        opener: '~1.4.0',
46 silly install resolved        optimist: '0.6.x',
46 silly install resolved        portfinder: '0.4.x',
46 silly install resolved        union: '~0.4.3' },
46 silly install resolved     devDependencies: { 'common-style': '^3.0.0', request: '2.49.x', vows: '0.7.x' },
46 silly install resolved     bugs: { url: 'https://github.com/nodeapps/http-server/issues' },
46 silly install resolved     license: 'MIT',
46 silly install resolved     preferGlobal: 'true',
46 silly install resolved     bin: { 'http-server': './bin/http-server', hs: './bin/http-server' },
46 silly install resolved     gitHead: '1a8552c5e028bd5500027ee940111133927a4e94',
46 silly install resolved     homepage: 'https://github.com/indexzero/http-server#readme',
46 silly install resolved     _id: 'http-server@0.9.0',
46 silly install resolved     _shasum: '8f1b06bdc733618d4dc42831c7ba1aff4e06001a',
46 silly install resolved     _from: 'http-server@*',
46 silly install resolved     _npmVersion: '3.7.1',
46 silly install resolved     _nodeVersion: '4.2.2',
46 silly install resolved     _npmUser: { name: 'indexzero', email: 'charlie.robbins@gmail.com' },
46 silly install resolved     maintainers: [ [Object] ],
46 silly install resolved     dist:
46 silly install resolved      { shasum: '8f1b06bdc733618d4dc42831c7ba1aff4e06001a',
46 silly install resolved        tarball: 'https://registry.npmjs.org/http-server/-/http-server-0.9.0.tgz' },
46 silly install resolved     _npmOperationalInternal:
46 silly install resolved      { host: 'packages-6-west.internal.npmjs.com',
46 silly install resolved        tmp: 'tmp/http-server-0.9.0.tgz_1455864708425_0.19514421350322664' },
46 silly install resolved     directories: {},
46 silly install resolved     _resolved: 'https://registry.npmjs.org/http-server/-/http-server-0.9.0.tgz' } ]
47 info install http-server@0.9.0 into /usr/local/lib
48 info installOne http-server@0.9.0
49 verbose installOne of http-server to /usr/local/lib not in flight; installing
50 verbose lock using /Users/julien/.npm/_locks/http-server-ae30c9ae1f4c5eaa.lock for /usr/local/lib/node_modules/http-server
51 silly install write writing http-server 0.9.0 to /usr/local/lib/node_modules/http-server
52 verbose unbuild lib/node_modules/http-server
53 silly gentlyRm /usr/local/lib/node_modules/http-server is being purged from base /usr/local
54 verbose gentlyRm don't care about contents; nuking /usr/local/lib/node_modules/http-server
55 verbose tar unpack /Users/julien/.npm/http-server/0.9.0/package.tgz
56 verbose tar unpacking to /usr/local/lib/node_modules/http-server
57 silly gentlyRm /usr/local/lib/node_modules/http-server is being purged
58 verbose gentlyRm don't care about contents; nuking /usr/local/lib/node_modules/http-server
59 silly gunzTarPerm modes [ '755', '644' ]
60 error tar.unpack untar error /Users/julien/.npm/http-server/0.9.0/package.tgz
61 verbose unlock done using /Users/julien/.npm/_locks/http-server-ae30c9ae1f4c5eaa.lock for /usr/local/lib/node_modules/http-server
62 verbose fstream_path /usr/local/lib/node_modules/http-server
63 verbose fstream_type Directory
64 verbose fstream_class DirWriter
65 verbose stack Error: EACCES: permission denied, mkdir '/usr/local/lib/node_modules/http-server'
65 verbose stack     at Error (native)
66 verbose fstream_stack /usr/local/lib/node_modules/npm/node_modules/fstream/lib/dir-writer.js:35:25
66 verbose fstream_stack /usr/local/lib/node_modules/npm/node_modules/mkdirp/index.js:47:53
66 verbose fstream_stack FSReqWrap.oncomplete (fs.js:82:15)
67 verbose cwd /Users/julien/SPICED/julien_spices/wk2
68 error Darwin 15.3.0
69 error argv "/usr/local/bin/node" "/usr/local/bin/npm" "install" "http-server" "-g"
70 error node v4.2.2
71 error npm  v2.14.7
72 error path /usr/local/lib/node_modules/http-server
73 error code EACCES
74 error errno -13
75 error syscall mkdir
76 error Error: EACCES: permission denied, mkdir '/usr/local/lib/node_modules/http-server'
76 error     at Error (native)
76 error  { [Error: EACCES: permission denied, mkdir '/usr/local/lib/node_modules/http-server']
76 error   errno: -13,
76 error   code: 'EACCES',
76 error   syscall: 'mkdir',
76 error   path: '/usr/local/lib/node_modules/http-server',
76 error   fstream_type: 'Directory',
76 error   fstream_path: '/usr/local/lib/node_modules/http-server',
76 error   fstream_class: 'DirWriter',
76 error   fstream_stack:
76 error    [ '/usr/local/lib/node_modules/npm/node_modules/fstream/lib/dir-writer.js:35:25',
76 error      '/usr/local/lib/node_modules/npm/node_modules/mkdirp/index.js:47:53',
76 error      'FSReqWrap.oncomplete (fs.js:82:15)' ] }
77 error Please try running this command again as root/Administrator.
78 verbose exit [ -13, true ]
79 verbose unbuild lib/node_modules/http-server
80 silly gentlyRm /usr/local/lib/node_modules/http-server is being purged from base /usr/local
81 verbose gentlyRm don't care about contents; nuking /usr/local/lib/node_modules/http-server
